2026-01-16 21:05:31.476 | INFO     | __main__:init_modules:72 - Initializing modules...
2026-01-16 21:05:31.477 | INFO     | __main__:init_modules:75 - Loading Steam Guard...
2026-01-16 21:05:31.477 | INFO     | src.steam_guard:_load_mafile:66 - Loaded maFile for account: mz1r0y0viv2blnxo
2026-01-16 21:05:31.477 | INFO     | __main__:init_modules:82 - Steam Guard code: RDF56
2026-01-16 21:05:31.478 | INFO     | __main__:init_modules:85 - Initializing Pulse API...
2026-01-16 21:05:31.478 | INFO     | __main__:init_modules:91 - Initializing DMarket API...
2026-01-16 21:05:31.478 | INFO     | __main__:init_modules:98 - Initializing Loot.Farm bot...
2026-01-16 21:05:31.478 | INFO     | __main__:init_modules:102 - Initializing TradeIt.gg bot...
2026-01-16 21:05:31.479 | INFO     | __main__:init_modules:106 - Initializing Trading Engine...
2026-01-16 21:05:31.479 | INFO     | __main__:init_modules:116 - All modules initialized!
2026-01-16 21:05:31.480 | INFO     | __main__:test_connections:174 - Testing connections...
2026-01-16 21:05:31.480 | INFO     | __main__:test_connections:177 - Testing Steam Guard...
2026-01-16 21:05:31.480 | INFO     | __main__:test_connections:179 -   Steam Guard code: RDF56
2026-01-16 21:05:32.315 | DEBUG    | src.steam_guard:get_steam_time:97 - Steam time offset: 0
2026-01-16 21:05:32.315 | INFO     | __main__:test_connections:182 -   Steam server time: 1768586732
2026-01-16 21:05:32.315 | INFO     | __main__:test_connections:185 - Testing DMarket API...
2026-01-16 21:05:33.453 | INFO     | src.dmarket_api:get_balance:180 - DMarket balance: $1.10 USD, 0.00 DMC
2026-01-16 21:05:33.453 | INFO     | __main__:test_connections:188 -   DMarket balance: $1.10
2026-01-16 21:05:33.454 | INFO     | __main__:test_connections:193 - Testing Pulse API...
2026-01-16 21:05:34.261 | INFO     | src.pulse_api:compare_tables:202 - Found 0 items comparing Dmarket vs LootFarm
2026-01-16 21:05:34.261 | INFO     | __main__:test_connections:201 -   Pulse API: Found 0 items
2026-01-16 21:05:34.261 | INFO     | __main__:test_connections:204 - Testing Loot.Farm prices...
2026-01-16 21:05:34.937 | INFO     | src.lootfarm:fetch_prices:136 - Fetched 4208 Loot.Farm prices
2026-01-16 21:05:34.938 | INFO     | __main__:test_connections:206 -   Loot.Farm: 4208 items in price list
2026-01-16 21:05:34.938 | INFO     | __main__:test_connections:208 - Connection tests completed!
2026-01-16 21:05:52.306 | INFO     | __main__:init_modules:72 - Initializing modules...
2026-01-16 21:05:52.307 | INFO     | __main__:init_modules:75 - Loading Steam Guard...
2026-01-16 21:05:52.307 | INFO     | src.steam_guard:_load_mafile:66 - Loaded maFile for account: mz1r0y0viv2blnxo
2026-01-16 21:05:52.307 | INFO     | __main__:init_modules:82 - Steam Guard code: RDF56
2026-01-16 21:05:52.308 | INFO     | __main__:init_modules:85 - Initializing Pulse API...
2026-01-16 21:05:52.308 | INFO     | __main__:init_modules:91 - Initializing DMarket API...
2026-01-16 21:05:52.308 | INFO     | __main__:init_modules:98 - Initializing Loot.Farm bot...
2026-01-16 21:05:52.308 | INFO     | __main__:init_modules:102 - Initializing TradeIt.gg bot...
2026-01-16 21:05:52.309 | INFO     | __main__:init_modules:106 - Initializing Trading Engine...
2026-01-16 21:05:52.309 | INFO     | __main__:init_modules:116 - All modules initialized!
2026-01-16 21:05:52.310 | INFO     | __main__:run_test_trade:212 - Running test trade...
2026-01-16 21:05:53.091 | INFO     | src.pulse_api:compare_tables:202 - Found 0 items comparing Dmarket vs LootFarm
2026-01-16 21:05:53.284 | ERROR    | src.pulse_api:compare_tables:206 - Error in compare_tables: 'NoneType' object has no attribute 'get'
2026-01-16 21:05:53.477 | INFO     | src.pulse_api:compare_tables:202 - Found 0 items comparing LootFarm vs Dmarket
2026-01-16 21:05:54.847 | INFO     | src.pulse_api:compare_tables:202 - Found 0 items comparing LootFarm vs TradeItTrade
2026-01-16 21:05:55.261 | ERROR    | src.pulse_api:compare_tables:206 - Error in compare_tables: 'NoneType' object has no attribute 'get'
2026-01-16 21:05:55.447 | INFO     | src.pulse_api:compare_tables:202 - Found 0 items comparing TradeItTrade vs LootFarm
2026-01-16 21:05:55.448 | WARNING  | src.pulse_api:get_best_spread_item:276 - No profitable deals found
2026-01-16 21:05:55.448 | WARNING  | __main__:run_test_trade:233 - No profitable deals found
2026-01-16 21:21:52.068 | INFO     | __main__:init_modules:72 - Initializing modules...
2026-01-16 21:21:52.069 | INFO     | __main__:init_modules:75 - Loading Steam Guard...
2026-01-16 21:21:52.069 | INFO     | src.steam_guard:_load_mafile:66 - Loaded maFile for account: mz1r0y0viv2blnxo
2026-01-16 21:21:52.069 | INFO     | __main__:init_modules:82 - Steam Guard code: 66WCH
2026-01-16 21:21:52.069 | INFO     | __main__:init_modules:85 - Initializing Pulse API...
2026-01-16 21:21:52.070 | INFO     | __main__:init_modules:91 - Initializing DMarket API...
2026-01-16 21:21:52.070 | INFO     | __main__:init_modules:98 - Initializing Loot.Farm bot...
2026-01-16 21:21:52.071 | INFO     | __main__:init_modules:102 - Initializing TradeIt.gg bot...
2026-01-16 21:21:52.071 | INFO     | __main__:init_modules:106 - Initializing Trading Engine...
2026-01-16 21:21:52.071 | INFO     | __main__:init_modules:116 - All modules initialized!
2026-01-16 21:21:52.072 | INFO     | __main__:test_connections:174 - Testing connections...
2026-01-16 21:21:52.072 | INFO     | __main__:test_connections:177 - Testing Steam Guard...
2026-01-16 21:21:52.072 | INFO     | __main__:test_connections:179 -   Steam Guard code: 66WCH
2026-01-16 21:21:52.847 | DEBUG    | src.steam_guard:get_steam_time:97 - Steam time offset: 1
2026-01-16 21:21:52.847 | INFO     | __main__:test_connections:182 -   Steam server time: 1768587713
2026-01-16 21:21:52.847 | INFO     | __main__:test_connections:185 - Testing DMarket API...
2026-01-16 21:21:53.799 | INFO     | src.dmarket_api:get_balance:180 - DMarket balance: $1.10 USD, 0.00 DMC
2026-01-16 21:21:53.799 | INFO     | __main__:test_connections:188 -   DMarket balance: $1.10
2026-01-16 21:21:53.800 | INFO     | __main__:test_connections:193 - Testing Pulse API...
2026-01-16 21:21:54.752 | INFO     | src.pulse_api:compare_tables:216 - Found 5 items: Dmarket -> LootFarm
2026-01-16 21:21:54.752 | INFO     | __main__:test_connections:201 -   Pulse API: Found 5 items
2026-01-16 21:21:54.752 | INFO     | __main__:test_connections:204 - Testing Loot.Farm prices...
2026-01-16 21:21:55.584 | INFO     | src.lootfarm:fetch_prices:136 - Fetched 4207 Loot.Farm prices
2026-01-16 21:21:55.585 | INFO     | __main__:test_connections:206 -   Loot.Farm: 4207 items in price list
2026-01-16 21:21:55.585 | INFO     | __main__:test_connections:208 - Connection tests completed!
2026-01-16 21:21:55.586 | INFO     | __main__:shutdown:284 - Shutting down...
2026-01-16 21:21:55.586 | INFO     | src.trading_logic:stop:476 - Trading stopped
2026-01-16 21:21:55.588 | INFO     | src.lootfarm:close:88 - Loot.Farm bot closed
2026-01-16 21:21:55.589 | INFO     | src.tradeit:close:78 - TradeIt.gg bot closed
2026-01-16 21:21:55.589 | INFO     | __main__:shutdown:306 - Shutdown complete
2026-01-16 21:22:17.500 | INFO     | __main__:init_modules:72 - Initializing modules...
2026-01-16 21:22:17.500 | INFO     | __main__:init_modules:75 - Loading Steam Guard...
2026-01-16 21:22:17.500 | INFO     | src.steam_guard:_load_mafile:66 - Loaded maFile for account: mz1r0y0viv2blnxo
2026-01-16 21:22:17.500 | INFO     | __main__:init_modules:82 - Steam Guard code: TN2HH
2026-01-16 21:22:17.501 | INFO     | __main__:init_modules:85 - Initializing Pulse API...
2026-01-16 21:22:17.501 | INFO     | __main__:init_modules:91 - Initializing DMarket API...
2026-01-16 21:22:17.501 | INFO     | __main__:init_modules:98 - Initializing Loot.Farm bot...
2026-01-16 21:22:17.501 | INFO     | __main__:init_modules:102 - Initializing TradeIt.gg bot...
2026-01-16 21:22:17.501 | INFO     | __main__:init_modules:106 - Initializing Trading Engine...
2026-01-16 21:22:17.502 | INFO     | __main__:init_modules:116 - All modules initialized!
2026-01-16 21:22:17.502 | INFO     | __main__:run_test_trade:212 - Running test trade...
2026-01-16 21:22:18.910 | INFO     | src.pulse_api:compare_tables:216 - Found 20 items: Dmarket -> LootFarm
2026-01-16 21:22:19.115 | INFO     | src.pulse_api:compare_tables:216 - Found 0 items: Dmarket -> TradeItTrade
2026-01-16 21:22:19.332 | INFO     | src.pulse_api:compare_tables:216 - Found 0 items: LootFarm -> Dmarket
2026-01-16 21:22:19.532 | INFO     | src.pulse_api:compare_tables:216 - Found 0 items: LootFarm -> TradeItTrade
2026-01-16 21:22:19.729 | INFO     | src.pulse_api:compare_tables:216 - Found 20 items: TradeItTrade -> Dmarket
2026-01-16 21:22:20.016 | INFO     | src.pulse_api:compare_tables:216 - Found 20 items: TradeItTrade -> LootFarm
2026-01-16 21:22:20.016 | INFO     | src.pulse_api:get_best_spread_item:289 - Best deal: Blackout Backpack (Dmarket $2.21 -> LootFarm $3.60, +62.9%)
2026-01-16 21:22:20.017 | INFO     | src.trading_logic:find_best_deal:186 - Found deal: Blackout Backpack (Dmarket $2.21 -> LootFarm $3.60, +62.9%)
2026-01-16 21:22:20.017 | INFO     | __main__:run_test_trade:218 - Test deal found:
2026-01-16 21:22:20.017 | INFO     | __main__:run_test_trade:219 -   Item: Blackout Backpack
2026-01-16 21:22:20.017 | INFO     | __main__:run_test_trade:220 -   Buy on Dmarket: $2.21
2026-01-16 21:22:20.017 | INFO     | __main__:run_test_trade:221 -   Sell on LootFarm: $3.60
2026-01-16 21:22:20.018 | INFO     | __main__:run_test_trade:222 -   Spread: +62.9% ($1.39)
2026-01-16 21:22:20.018 | INFO     | __main__:run_test_trade:225 - Executing deal...
2026-01-16 21:22:20.018 | INFO     | src.trading_logic:execute_deal:324 - Executing deal: Blackout Backpack
2026-01-16 21:22:21.104 | INFO     | src.dmarket_api:get_market_items:255 - Found 4 market offers
2026-01-16 21:22:21.591 | INFO     | src.dmarket_api:buy_item:284 - Successfully bought item, offer_id: 7000d209-25ee-424d-82cf-18ed91a6eecd
2026-01-16 21:22:21.592 | INFO     | src.trading_logic:_buy_on_dmarket:214 - Bought on DMarket: Blackout Backpack for $2.21
2026-01-16 21:22:21.592 | INFO     | src.trading_logic:execute_deal:344 - Waiting for Steam Guard confirmation...
2026-01-16 21:22:27.652 | DEBUG    | src.steam_guard:get_steam_time:97 - Steam time offset: 1
2026-01-16 21:22:28.322 | WARNING  | src.steam_guard:fetch_confirmations:182 - Failed to fetch confirmations: {'success': False, 'needauth': True}
2026-01-16 21:22:28.322 | INFO     | src.steam_guard:accept_all_confirmations:289 - Accepted 0/0 confirmations
2026-01-16 21:22:28.322 | INFO     | src.trading_logic:execute_deal:348 - Accepted 0 confirmations
2026-01-16 21:22:28.322 | INFO     | src.trading_logic:execute_deal:351 - Waiting for item to appear in inventory...
2026-01-16 21:22:58.324 | ERROR    | src.trading_logic:execute_deal:366 - Failed to sell on LootFarm
2026-01-16 21:22:58.324 | ERROR    | __main__:run_test_trade:231 - Deal failed: Failed to sell on LootFarm
2026-01-16 21:22:58.324 | INFO     | __main__:shutdown:284 - Shutting down...
2026-01-16 21:22:58.325 | INFO     | src.trading_logic:stop:476 - Trading stopped
2026-01-16 21:22:58.325 | INFO     | src.lootfarm:close:88 - Loot.Farm bot closed
2026-01-16 21:22:58.325 | INFO     | src.tradeit:close:78 - TradeIt.gg bot closed
2026-01-16 21:22:58.325 | INFO     | __main__:shutdown:306 - Shutdown complete
2026-01-16 21:28:06.491 | WARNING  | src.steam_guard:<module>:29 - steam library not available, using built-in implementation
2026-01-16 21:28:07.119 | INFO     | __main__:init_modules:72 - Initializing modules...
2026-01-16 21:28:07.120 | INFO     | __main__:init_modules:75 - Loading Steam Guard...
2026-01-16 21:28:07.120 | INFO     | src.steam_guard:_load_mafile:84 - Loaded maFile for account: mz1r0y0viv2blnxo
2026-01-16 21:28:07.121 | INFO     | __main__:init_modules:82 - Steam Guard code: 4MVV8
2026-01-16 21:28:07.121 | INFO     | __main__:init_modules:85 - Initializing Pulse API...
2026-01-16 21:28:07.122 | INFO     | __main__:init_modules:91 - Initializing DMarket API...
2026-01-16 21:28:07.122 | INFO     | __main__:init_modules:98 - Initializing Loot.Farm bot...
2026-01-16 21:28:07.123 | INFO     | __main__:init_modules:102 - Initializing TradeIt.gg bot...
2026-01-16 21:28:07.123 | INFO     | __main__:init_modules:106 - Initializing Trading Engine...
2026-01-16 21:28:07.123 | INFO     | __main__:init_modules:116 - All modules initialized!
2026-01-16 21:28:07.123 | INFO     | __main__:test_connections:174 - Testing connections...
2026-01-16 21:28:07.124 | INFO     | __main__:test_connections:177 - Testing Steam Guard...
2026-01-16 21:28:07.124 | INFO     | __main__:test_connections:179 -   Steam Guard code: 4MVV8
2026-01-16 21:28:07.941 | DEBUG    | src.steam_guard:get_steam_time:116 - Steam time offset: 1
2026-01-16 21:28:07.941 | INFO     | __main__:test_connections:182 -   Steam server time: 1768588088
2026-01-16 21:28:07.941 | INFO     | __main__:test_connections:185 - Testing DMarket API...
2026-01-16 21:28:09.125 | INFO     | src.dmarket_api:get_balance:180 - DMarket balance: $0.60 USD, 0.00 DMC
2026-01-16 21:28:09.126 | INFO     | __main__:test_connections:188 -   DMarket balance: $0.60
2026-01-16 21:28:09.126 | INFO     | __main__:test_connections:193 - Testing Pulse API...
2026-01-16 21:28:09.972 | INFO     | src.pulse_api:compare_tables:216 - Found 5 items: Dmarket -> LootFarm
2026-01-16 21:28:09.973 | INFO     | __main__:test_connections:201 -   Pulse API: Found 5 items
2026-01-16 21:28:09.973 | INFO     | __main__:test_connections:204 - Testing Loot.Farm prices...
2026-01-16 21:28:10.687 | INFO     | src.lootfarm:fetch_prices:136 - Fetched 4207 Loot.Farm prices
2026-01-16 21:28:10.687 | INFO     | __main__:test_connections:206 -   Loot.Farm: 4207 items in price list
2026-01-16 21:28:10.687 | INFO     | __main__:test_connections:208 - Connection tests completed!
2026-01-16 21:28:10.687 | INFO     | __main__:shutdown:284 - Shutting down...
2026-01-16 21:28:10.688 | INFO     | src.trading_logic:stop:476 - Trading stopped
2026-01-16 21:28:10.689 | INFO     | src.lootfarm:close:88 - Loot.Farm bot closed
2026-01-16 21:28:10.690 | INFO     | src.tradeit:close:78 - TradeIt.gg bot closed
2026-01-16 21:28:10.690 | INFO     | __main__:shutdown:306 - Shutdown complete
2026-01-16 23:56:19.177 | INFO     | __main__:init_modules:72 - Initializing modules...
2026-01-16 23:56:19.183 | INFO     | __main__:init_modules:75 - Loading Steam Guard...
2026-01-16 23:56:19.185 | INFO     | src.steam_guard:_load_mafile:73 - Loaded SDA maFile for: mz1r0y0viv2blnxo
2026-01-16 23:56:19.187 | INFO     | __main__:init_modules:82 - Steam Guard code: NDHYG
2026-01-16 23:56:19.187 | INFO     | __main__:init_modules:85 - Initializing Pulse API...
2026-01-16 23:56:19.189 | INFO     | __main__:init_modules:91 - Initializing DMarket API...
2026-01-16 23:56:19.193 | INFO     | __main__:init_modules:98 - Initializing Loot.Farm bot...
2026-01-16 23:56:19.195 | INFO     | __main__:init_modules:102 - Initializing TradeIt.gg bot...
2026-01-16 23:56:19.196 | INFO     | __main__:init_modules:106 - Initializing Trading Engine...
2026-01-16 23:56:19.199 | INFO     | __main__:init_modules:116 - All modules initialized!
2026-01-16 23:56:19.201 | INFO     | __main__:test_connections:172 - Testing connections...
2026-01-16 23:56:19.202 | INFO     | __main__:test_connections:175 - Testing Steam Guard...
2026-01-16 23:56:19.203 | INFO     | __main__:test_connections:177 -   Steam Guard code: NDHYG
2026-01-16 23:56:20.588 | INFO     | __main__:test_connections:180 -   Steam server time: 1768596981
2026-01-16 23:56:20.589 | INFO     | __main__:test_connections:183 - Testing DMarket API...
2026-01-16 23:56:21.603 | INFO     | src.dmarket_api:get_balance:180 - DMarket balance: $0.60 USD, 0.00 DMC
2026-01-16 23:56:21.605 | INFO     | __main__:test_connections:186 -   DMarket balance: $0.60
2026-01-16 23:56:21.605 | INFO     | __main__:test_connections:191 - Testing Pulse API...
2026-01-16 23:56:23.689 | INFO     | src.pulse_api:compare_tables:224 - Found 5 items: Dmarket -> LootFarm
2026-01-16 23:56:23.694 | INFO     | __main__:test_connections:199 -   Pulse API: Found 5 items
2026-01-16 23:56:23.695 | INFO     | __main__:test_connections:202 - Testing Loot.Farm prices...
2026-01-16 23:56:24.348 | INFO     | src.lootfarm:fetch_prices:137 - Fetched 4206 Loot.Farm prices
2026-01-16 23:56:24.350 | INFO     | __main__:test_connections:204 -   Loot.Farm: 4206 items in price list
2026-01-16 23:56:24.351 | INFO     | __main__:test_connections:206 - Connection tests completed!
2026-01-16 23:56:24.352 | INFO     | __main__:shutdown:282 - Shutting down...
2026-01-16 23:56:24.353 | INFO     | src.trading_logic:stop:544 - Trading stopped
2026-01-16 23:56:24.354 | INFO     | src.lootfarm:close:89 - Loot.Farm bot closed
2026-01-16 23:56:24.355 | INFO     | __main__:shutdown:304 - Shutdown complete
2026-01-16 23:58:33.700 | INFO     | __main__:init_modules:72 - Initializing modules...
2026-01-16 23:58:33.707 | INFO     | __main__:init_modules:75 - Loading Steam Guard...
2026-01-16 23:58:33.709 | INFO     | src.steam_guard:_load_mafile:73 - Loaded SDA maFile for: mz1r0y0viv2blnxo
2026-01-16 23:58:33.711 | INFO     | __main__:init_modules:82 - Steam Guard code: QF3NR
2026-01-16 23:58:33.714 | INFO     | __main__:init_modules:85 - Initializing Pulse API...
2026-01-16 23:58:33.716 | INFO     | __main__:init_modules:91 - Initializing DMarket API...
2026-01-16 23:58:33.718 | INFO     | __main__:init_modules:98 - Initializing Loot.Farm bot...
2026-01-16 23:58:33.719 | INFO     | __main__:init_modules:102 - Initializing TradeIt.gg bot...
2026-01-16 23:58:33.723 | INFO     | __main__:init_modules:106 - Initializing Trading Engine...
2026-01-16 23:58:33.725 | INFO     | __main__:init_modules:116 - All modules initialized!
2026-01-16 23:58:33.727 | INFO     | __main__:test_connections:172 - Testing connections...
2026-01-16 23:58:33.729 | INFO     | __main__:test_connections:175 - Testing Steam Guard...
2026-01-16 23:58:33.732 | INFO     | __main__:test_connections:177 -   Steam Guard code: QF3NR
2026-01-16 23:58:35.069 | INFO     | __main__:test_connections:180 -   Steam server time: 1768597115
2026-01-16 23:58:35.072 | INFO     | __main__:test_connections:183 - Testing DMarket API...
2026-01-16 23:58:36.118 | INFO     | src.dmarket_api:get_balance:180 - DMarket balance: $0.60 USD, 0.00 DMC
2026-01-16 23:58:36.119 | INFO     | __main__:test_connections:186 -   DMarket balance: $0.60
2026-01-16 23:58:36.121 | INFO     | __main__:test_connections:191 - Testing Pulse API...
2026-01-16 23:58:36.822 | INFO     | src.pulse_api:compare_tables:224 - Found 5 items: Dmarket -> LootFarm
2026-01-16 23:58:36.824 | INFO     | __main__:test_connections:199 -   Pulse API: Found 5 items
2026-01-16 23:58:36.824 | INFO     | __main__:test_connections:202 - Testing Loot.Farm prices...
2026-01-16 23:58:37.518 | INFO     | src.lootfarm:fetch_prices:137 - Fetched 4206 Loot.Farm prices
2026-01-16 23:58:37.519 | INFO     | __main__:test_connections:204 -   Loot.Farm: 4206 items in price list
2026-01-16 23:58:37.524 | INFO     | __main__:test_connections:206 - Connection tests completed!
2026-01-16 23:58:37.524 | INFO     | __main__:shutdown:282 - Shutting down...
2026-01-16 23:58:37.525 | INFO     | src.trading_logic:stop:544 - Trading stopped
2026-01-16 23:58:37.527 | INFO     | src.lootfarm:close:89 - Loot.Farm bot closed
2026-01-16 23:58:37.527 | INFO     | __main__:shutdown:304 - Shutdown complete
